INFO  08:26:40,263 HelpFormatter - --------------------------------------------------------------------------------- 
INFO  08:26:40,265 HelpFormatter - The Genome Analysis Toolkit (GATK) v2.2-13-g188e560, Compiled 2012/11/19 08:22:48 
INFO  08:26:40,265 HelpFormatter - Copyright (c) 2010 The Broad Institute 
INFO  08:26:40,265 HelpFormatter - For support and documentation go to http://www.broadinstitute.org/gatk 
INFO  08:26:40,270 HelpFormatter - Program Args: -T UnifiedGenotyper -I /home/smburns/Applications/gatk2/Queue-2.2-8-gec077cd/resources/exampleBAM.bam -L /home/smburns/Applications/gatk2/Queue-2.2-8-gec077cd/resources/.queue/scatterGather/ExampleUnifiedGenotyper-1-sg/temp_23_of_64/scatter.intervals -R /home/smburns/Applications/gatk2/Queue-2.2-8-gec077cd/resources/exampleFASTA.fasta -o /home/smburns/Applications/gatk2/Queue-2.2-8-gec077cd/resources/.queue/scatterGather/ExampleUnifiedGenotyper-1-sg/temp_23_of_64/exampleBAM.unfiltered.vcf 
INFO  08:26:40,270 HelpFormatter - Date/Time: 2012/11/19 08:26:40 
INFO  08:26:40,271 HelpFormatter - --------------------------------------------------------------------------------- 
INFO  08:26:40,271 HelpFormatter - --------------------------------------------------------------------------------- 
INFO  08:26:40,295 GenomeAnalysisEngine - Strictness is SILENT 
INFO  08:26:40,344 GenomeAnalysisEngine - Downsampling Settings: Method: BY_SAMPLE Target Coverage: 250  
INFO  08:26:40,350 SAMDataSource$SAMReaders - Initializing SAMRecords in serial 
WARNING: BAM index file /home/smburns/Applications/gatk2/Queue-2.2-8-gec077cd/resources/exampleBAM.bam.bai is older than BAM /home/smburns/Applications/gatk2/Queue-2.2-8-gec077cd/resources/exampleBAM.bam
INFO  08:26:40,361 SAMDataSource$SAMReaders - Done initializing BAM readers: total time 0.01 
INFO  08:26:40,382 GenomeAnalysisEngine - Processing 1562 bp from intervals 
INFO  08:26:40,391 ProgressMeter - [INITIALIZATION COMPLETE; STARTING PROCESSING] 
INFO  08:26:40,392 ProgressMeter -        Location processed.sites  runtime per.1M.sites completed total.runtime remaining 
WARN  08:26:40,441 UnifiedGenotyper - setting contamination down-sampling fraction to 0.0 because it is not enabled in GATK-lite 
INFO  08:26:40,775 ProgressMeter -            done        1.56e+03    0.4 s        4.1 m    100.0%         0.4 s     0.0 s 
INFO  08:26:40,776 ProgressMeter - Total runtime 0.38 secs, 0.01 min, 0.00 hours 
INFO  08:26:40,776 MicroScheduler - 0 reads were filtered out during traversal out of 2 total (0.00%) 
INFO  08:26:40,776 NSRuntimeProfile - Input   time:    0.0 s ( 8.17%) 
INFO  08:26:40,776 NSRuntimeProfile - Map     time:    0.1 s (28.23%) 
INFO  08:26:40,777 NSRuntimeProfile - Reduce  time:    0.0 s ( 0.57%) 
INFO  08:26:40,777 NSRuntimeProfile - Outside time:    0.2 s (63.03%) 
