INFO  07:54:42,224 HelpFormatter - --------------------------------------------------------------------------------- 
INFO  07:54:43,337 HelpFormatter - The Genome Analysis Toolkit (GATK) v2.2-13-g188e560, Compiled 2012/11/19 07:40:54 
INFO  07:54:43,337 HelpFormatter - Copyright (c) 2010 The Broad Institute 
INFO  07:54:43,337 HelpFormatter - For support and documentation go to http://www.broadinstitute.org/gatk 
INFO  07:54:45,840 HelpFormatter - Program Args: -T UnifiedGenotyper -I /home/smburns/Applications/gatk2/Queue-2.2-8-gec077cd/resources/exampleBAM.bam -L /home/smburns/Applications/gatk2/Queue-2.2-8-gec077cd/resources/.queue/scatterGather/ExampleUnifiedGenotyper-1-sg/temp_2_of_8/scatter.intervals -R /home/smburns/Applications/gatk2/Queue-2.2-8-gec077cd/resources/exampleFASTA.fasta -o /home/smburns/Applications/gatk2/Queue-2.2-8-gec077cd/resources/.queue/scatterGather/ExampleUnifiedGenotyper-1-sg/temp_2_of_8/exampleBAM.unfiltered.vcf 
INFO  07:54:45,840 HelpFormatter - Date/Time: 2012/11/19 07:54:42 
INFO  07:54:45,840 HelpFormatter - --------------------------------------------------------------------------------- 
INFO  07:54:45,840 HelpFormatter - --------------------------------------------------------------------------------- 
INFO  07:54:46,580 GenomeAnalysisEngine - Strictness is SILENT 
INFO  07:54:51,273 GenomeAnalysisEngine - Downsampling Settings: Method: BY_SAMPLE Target Coverage: 250  
INFO  07:54:51,408 SAMDataSource$SAMReaders - Initializing SAMRecords in serial 
WARNING: BAM index file /home/smburns/Applications/gatk2/Queue-2.2-8-gec077cd/resources/exampleBAM.bam.bai is older than BAM /home/smburns/Applications/gatk2/Queue-2.2-8-gec077cd/resources/exampleBAM.bam
INFO  07:54:51,501 SAMDataSource$SAMReaders - Done initializing BAM readers: total time 0.01 
INFO  07:54:52,096 GenomeAnalysisEngine - Processing 12500 bp from intervals 
INFO  07:54:52,603 ProgressMeter - [INITIALIZATION COMPLETE; STARTING PROCESSING] 
INFO  07:54:52,603 ProgressMeter -        Location processed.sites  runtime per.1M.sites completed total.runtime remaining 
WARN  07:54:52,780 UnifiedGenotyper - setting contamination down-sampling fraction to 0.0 because it is not enabled in GATK-lite 
INFO  07:54:59,196 ProgressMeter -            done        1.25e+04    6.6 s        8.8 m    100.0%         6.6 s     0.0 s 
INFO  07:54:59,197 ProgressMeter - Total runtime 6.59 secs, 0.11 min, 0.00 hours 
INFO  07:54:59,197 MicroScheduler - 0 reads were filtered out during traversal out of 2 total (0.00%) 
INFO  07:54:59,197 NSRuntimeProfile - Input   time:    0.1 s ( 1.50%) 
INFO  07:54:59,197 NSRuntimeProfile - Map     time:    2.4 s (34.44%) 
INFO  07:54:59,198 NSRuntimeProfile - Reduce  time:    0.0 s ( 0.42%) 
INFO  07:54:59,198 NSRuntimeProfile - Outside time:    4.5 s (63.64%) 
