INFO  07:54:40,737 HelpFormatter - --------------------------------------------------------------------------------- 
INFO  07:54:40,750 HelpFormatter - The Genome Analysis Toolkit (GATK) v2.2-13-g188e560, Compiled 2012/11/19 07:40:54 
INFO  07:54:40,750 HelpFormatter - Copyright (c) 2010 The Broad Institute 
INFO  07:54:40,750 HelpFormatter - For support and documentation go to http://www.broadinstitute.org/gatk 
INFO  07:54:40,765 HelpFormatter - Program Args: -T UnifiedGenotyper -I /home/smburns/Applications/gatk2/Queue-2.2-8-gec077cd/resources/exampleBAM.bam -L /home/smburns/Applications/gatk2/Queue-2.2-8-gec077cd/resources/.queue/scatterGather/ExampleUnifiedGenotyper-1-sg/temp_1_of_8/scatter.intervals -R /home/smburns/Applications/gatk2/Queue-2.2-8-gec077cd/resources/exampleFASTA.fasta -o /home/smburns/Applications/gatk2/Queue-2.2-8-gec077cd/resources/.queue/scatterGather/ExampleUnifiedGenotyper-1-sg/temp_1_of_8/exampleBAM.unfiltered.vcf 
INFO  07:54:40,765 HelpFormatter - Date/Time: 2012/11/19 07:54:40 
INFO  07:54:40,765 HelpFormatter - --------------------------------------------------------------------------------- 
INFO  07:54:40,765 HelpFormatter - --------------------------------------------------------------------------------- 
INFO  07:54:40,784 GenomeAnalysisEngine - Strictness is SILENT 
INFO  07:54:46,594 GenomeAnalysisEngine - Downsampling Settings: Method: BY_SAMPLE Target Coverage: 250  
INFO  07:54:47,068 SAMDataSource$SAMReaders - Initializing SAMRecords in serial 
WARNING: BAM index file /home/smburns/Applications/gatk2/Queue-2.2-8-gec077cd/resources/exampleBAM.bam.bai is older than BAM /home/smburns/Applications/gatk2/Queue-2.2-8-gec077cd/resources/exampleBAM.bam
INFO  07:54:47,805 SAMDataSource$SAMReaders - Done initializing BAM readers: total time 0.01 
INFO  07:54:48,961 GenomeAnalysisEngine - Processing 12500 bp from intervals 
INFO  07:54:48,970 ProgressMeter - [INITIALIZATION COMPLETE; STARTING PROCESSING] 
INFO  07:54:48,970 ProgressMeter -        Location processed.sites  runtime per.1M.sites completed total.runtime remaining 
WARN  07:54:50,233 UnifiedGenotyper - setting contamination down-sampling fraction to 0.0 because it is not enabled in GATK-lite 
INFO  07:55:04,523 ProgressMeter -            done        1.25e+04   15.6 s       20.7 m    100.0%        15.6 s     0.0 s 
INFO  07:55:04,523 ProgressMeter - Total runtime 15.55 secs, 0.26 min, 0.00 hours 
INFO  07:55:04,523 MicroScheduler - 0 reads were filtered out during traversal out of 5 total (0.00%) 
INFO  07:55:04,523 NSRuntimeProfile - Input   time:    0.7 s ( 4.21%) 
INFO  07:55:04,524 NSRuntimeProfile - Map     time:   11.7 s (75.57%) 
INFO  07:55:04,524 NSRuntimeProfile - Reduce  time:    0.0 s ( 0.14%) 
INFO  07:55:04,524 NSRuntimeProfile - Outside time:    3.1 s (20.07%) 
