INFO  08:25:01,231 HelpFormatter - --------------------------------------------------------------------------------- 
INFO  08:25:01,235 HelpFormatter - The Genome Analysis Toolkit (GATK) v2.2-13-g188e560, Compiled 2012/11/19 08:22:48 
INFO  08:25:01,235 HelpFormatter - Copyright (c) 2010 The Broad Institute 
INFO  08:25:01,235 HelpFormatter - For support and documentation go to http://www.broadinstitute.org/gatk 
INFO  08:25:01,241 HelpFormatter - Program Args: -T UnifiedGenotyper -I /home/smburns/Applications/gatk2/Queue-2.2-8-gec077cd/resources/exampleBAM.bam -L /home/smburns/Applications/gatk2/Queue-2.2-8-gec077cd/resources/.queue/scatterGather/ExampleUnifiedGenotyper-1-sg/temp_58_of_64/scatter.intervals -R /home/smburns/Applications/gatk2/Queue-2.2-8-gec077cd/resources/exampleFASTA.fasta -o /home/smburns/Applications/gatk2/Queue-2.2-8-gec077cd/resources/.queue/scatterGather/ExampleUnifiedGenotyper-1-sg/temp_58_of_64/exampleBAM.unfiltered.vcf 
INFO  08:25:01,242 HelpFormatter - Date/Time: 2012/11/19 08:25:01 
INFO  08:25:01,242 HelpFormatter - --------------------------------------------------------------------------------- 
INFO  08:25:01,242 HelpFormatter - --------------------------------------------------------------------------------- 
INFO  08:25:01,269 GenomeAnalysisEngine - Strictness is SILENT 
INFO  08:25:01,334 GenomeAnalysisEngine - Downsampling Settings: Method: BY_SAMPLE Target Coverage: 250  
INFO  08:25:01,339 SAMDataSource$SAMReaders - Initializing SAMRecords in serial 
WARNING: BAM index file /home/smburns/Applications/gatk2/Queue-2.2-8-gec077cd/resources/exampleBAM.bam.bai is older than BAM /home/smburns/Applications/gatk2/Queue-2.2-8-gec077cd/resources/exampleBAM.bam
INFO  08:25:01,351 SAMDataSource$SAMReaders - Done initializing BAM readers: total time 0.01 
INFO  08:25:01,369 GenomeAnalysisEngine - Processing 1562 bp from intervals 
INFO  08:25:01,378 ProgressMeter - [INITIALIZATION COMPLETE; STARTING PROCESSING] 
INFO  08:25:01,378 ProgressMeter -        Location processed.sites  runtime per.1M.sites completed total.runtime remaining 
WARN  08:25:01,424 UnifiedGenotyper - setting contamination down-sampling fraction to 0.0 because it is not enabled in GATK-lite 
INFO  08:25:01,728 ProgressMeter -            done        1.56e+03    0.3 s        3.7 m    100.0%         0.3 s     0.0 s 
INFO  08:25:01,728 ProgressMeter - Total runtime 0.35 secs, 0.01 min, 0.00 hours 
INFO  08:25:01,729 MicroScheduler - 0 reads were filtered out during traversal out of 4 total (0.00%) 
INFO  08:25:01,729 NSRuntimeProfile - Input   time:    0.0 s ( 9.04%) 
INFO  08:25:01,729 NSRuntimeProfile - Map     time:    0.1 s (27.31%) 
INFO  08:25:01,729 NSRuntimeProfile - Reduce  time:    0.0 s ( 0.52%) 
INFO  08:25:01,730 NSRuntimeProfile - Outside time:    0.2 s (63.13%) 
