INFO  07:54:42,987 HelpFormatter - --------------------------------------------------------------------------------- 
INFO  07:54:42,990 HelpFormatter - The Genome Analysis Toolkit (GATK) v2.2-13-g188e560, Compiled 2012/11/19 07:40:54 
INFO  07:54:42,990 HelpFormatter - Copyright (c) 2010 The Broad Institute 
INFO  07:54:42,990 HelpFormatter - For support and documentation go to http://www.broadinstitute.org/gatk 
INFO  07:54:42,994 HelpFormatter - Program Args: -T UnifiedGenotyper -I /home/smburns/Applications/gatk2/Queue-2.2-8-gec077cd/resources/exampleBAM.bam -L /home/smburns/Applications/gatk2/Queue-2.2-8-gec077cd/resources/.queue/scatterGather/ExampleUnifiedGenotyper-1-sg/temp_4_of_8/scatter.intervals -R /home/smburns/Applications/gatk2/Queue-2.2-8-gec077cd/resources/exampleFASTA.fasta -o /home/smburns/Applications/gatk2/Queue-2.2-8-gec077cd/resources/.queue/scatterGather/ExampleUnifiedGenotyper-1-sg/temp_4_of_8/exampleBAM.unfiltered.vcf 
INFO  07:54:42,994 HelpFormatter - Date/Time: 2012/11/19 07:54:42 
INFO  07:54:42,994 HelpFormatter - --------------------------------------------------------------------------------- 
INFO  07:54:42,994 HelpFormatter - --------------------------------------------------------------------------------- 
INFO  07:54:43,015 GenomeAnalysisEngine - Strictness is SILENT 
INFO  07:54:46,983 GenomeAnalysisEngine - Downsampling Settings: Method: BY_SAMPLE Target Coverage: 250  
INFO  07:54:47,015 SAMDataSource$SAMReaders - Initializing SAMRecords in serial 
WARNING: BAM index file /home/smburns/Applications/gatk2/Queue-2.2-8-gec077cd/resources/exampleBAM.bam.bai is older than BAM /home/smburns/Applications/gatk2/Queue-2.2-8-gec077cd/resources/exampleBAM.bam
INFO  07:54:47,811 SAMDataSource$SAMReaders - Done initializing BAM readers: total time 0.03 
INFO  07:54:48,584 GenomeAnalysisEngine - Processing 12500 bp from intervals 
INFO  07:54:48,592 ProgressMeter - [INITIALIZATION COMPLETE; STARTING PROCESSING] 
INFO  07:54:48,592 ProgressMeter -        Location processed.sites  runtime per.1M.sites completed total.runtime remaining 
WARN  07:54:50,818 UnifiedGenotyper - setting contamination down-sampling fraction to 0.0 because it is not enabled in GATK-lite 
INFO  07:55:02,007 ProgressMeter -            done        1.25e+04   13.4 s       17.9 m    100.0%        13.4 s     0.0 s 
INFO  07:55:02,007 ProgressMeter - Total runtime 13.42 secs, 0.22 min, 0.00 hours 
INFO  07:55:02,007 MicroScheduler - 0 reads were filtered out during traversal out of 4 total (0.00%) 
INFO  07:55:02,008 NSRuntimeProfile - Input   time:    1.3 s ( 9.52%) 
INFO  07:55:02,008 NSRuntimeProfile - Map     time:    8.5 s (63.19%) 
INFO  07:55:02,008 NSRuntimeProfile - Reduce  time:    0.8 s ( 5.73%) 
INFO  07:55:02,008 NSRuntimeProfile - Outside time:    2.9 s (21.57%) 
