INFO  08:28:17,425 HelpFormatter - --------------------------------------------------------------------------------- 
INFO  08:28:17,427 HelpFormatter - The Genome Analysis Toolkit (GATK) v2.2-13-g188e560, Compiled 2012/11/19 08:22:48 
INFO  08:28:17,427 HelpFormatter - Copyright (c) 2010 The Broad Institute 
INFO  08:28:17,427 HelpFormatter - For support and documentation go to http://www.broadinstitute.org/gatk 
INFO  08:28:17,431 HelpFormatter - Program Args: -T UnifiedGenotyper -I /home/smburns/Applications/gatk2/Queue-2.2-8-gec077cd/resources/exampleBAM.bam -L /home/smburns/Applications/gatk2/Queue-2.2-8-gec077cd/resources/.queue/scatterGather/ExampleUnifiedGenotyper-1-sg/temp_05_of_64/scatter.intervals -R /home/smburns/Applications/gatk2/Queue-2.2-8-gec077cd/resources/exampleFASTA.fasta -o /home/smburns/Applications/gatk2/Queue-2.2-8-gec077cd/resources/.queue/scatterGather/ExampleUnifiedGenotyper-1-sg/temp_05_of_64/exampleBAM.unfiltered.vcf 
INFO  08:28:17,431 HelpFormatter - Date/Time: 2012/11/19 08:28:17 
INFO  08:28:17,431 HelpFormatter - --------------------------------------------------------------------------------- 
INFO  08:28:17,431 HelpFormatter - --------------------------------------------------------------------------------- 
INFO  08:28:17,458 GenomeAnalysisEngine - Strictness is SILENT 
INFO  08:28:17,525 GenomeAnalysisEngine - Downsampling Settings: Method: BY_SAMPLE Target Coverage: 250  
INFO  08:28:17,534 SAMDataSource$SAMReaders - Initializing SAMRecords in serial 
WARNING: BAM index file /home/smburns/Applications/gatk2/Queue-2.2-8-gec077cd/resources/exampleBAM.bam.bai is older than BAM /home/smburns/Applications/gatk2/Queue-2.2-8-gec077cd/resources/exampleBAM.bam
INFO  08:28:17,551 SAMDataSource$SAMReaders - Done initializing BAM readers: total time 0.02 
INFO  08:28:17,578 GenomeAnalysisEngine - Processing 1562 bp from intervals 
INFO  08:28:17,591 ProgressMeter - [INITIALIZATION COMPLETE; STARTING PROCESSING] 
INFO  08:28:17,591 ProgressMeter -        Location processed.sites  runtime per.1M.sites completed total.runtime remaining 
WARN  08:28:17,677 UnifiedGenotyper - setting contamination down-sampling fraction to 0.0 because it is not enabled in GATK-lite 
INFO  08:28:18,086 ProgressMeter -            done        1.56e+03    0.5 s        5.3 m    100.0%         0.5 s     0.0 s 
INFO  08:28:18,087 ProgressMeter - Total runtime 0.50 secs, 0.01 min, 0.00 hours 
INFO  08:28:18,087 NSRuntimeProfile - Input   time:    0.0 s ( 7.72%) 
INFO  08:28:18,087 NSRuntimeProfile - Map     time:    0.1 s (23.44%) 
INFO  08:28:18,088 NSRuntimeProfile - Reduce  time:    0.0 s ( 0.56%) 
INFO  08:28:18,088 NSRuntimeProfile - Outside time:    0.3 s (68.28%) 
