INFO  07:54:49,706 HelpFormatter - --------------------------------------------------------------------------------- 
INFO  07:54:49,709 HelpFormatter - The Genome Analysis Toolkit (GATK) v2.2-13-g188e560, Compiled 2012/11/19 07:40:54 
INFO  07:54:49,710 HelpFormatter - Copyright (c) 2010 The Broad Institute 
INFO  07:54:49,710 HelpFormatter - For support and documentation go to http://www.broadinstitute.org/gatk 
INFO  07:54:49,714 HelpFormatter - Program Args: -T UnifiedGenotyper -I /home/smburns/Applications/gatk2/Queue-2.2-8-gec077cd/resources/exampleBAM.bam -L /home/smburns/Applications/gatk2/Queue-2.2-8-gec077cd/resources/.queue/scatterGather/ExampleUnifiedGenotyper-1-sg/temp_7_of_8/scatter.intervals -R /home/smburns/Applications/gatk2/Queue-2.2-8-gec077cd/resources/exampleFASTA.fasta -o /home/smburns/Applications/gatk2/Queue-2.2-8-gec077cd/resources/.queue/scatterGather/ExampleUnifiedGenotyper-1-sg/temp_7_of_8/exampleBAM.unfiltered.vcf 
INFO  07:54:49,714 HelpFormatter - Date/Time: 2012/11/19 07:54:49 
INFO  07:54:49,714 HelpFormatter - --------------------------------------------------------------------------------- 
INFO  07:54:49,714 HelpFormatter - --------------------------------------------------------------------------------- 
INFO  07:54:50,250 GenomeAnalysisEngine - Strictness is SILENT 
INFO  07:54:53,153 GenomeAnalysisEngine - Downsampling Settings: Method: BY_SAMPLE Target Coverage: 250  
INFO  07:54:53,157 SAMDataSource$SAMReaders - Initializing SAMRecords in serial 
WARNING: BAM index file /home/smburns/Applications/gatk2/Queue-2.2-8-gec077cd/resources/exampleBAM.bam.bai is older than BAM /home/smburns/Applications/gatk2/Queue-2.2-8-gec077cd/resources/exampleBAM.bam
INFO  07:54:53,338 SAMDataSource$SAMReaders - Done initializing BAM readers: total time 0.18 
INFO  07:54:53,353 GenomeAnalysisEngine - Processing 12500 bp from intervals 
INFO  07:54:53,360 ProgressMeter - [INITIALIZATION COMPLETE; STARTING PROCESSING] 
INFO  07:54:53,360 ProgressMeter -        Location processed.sites  runtime per.1M.sites completed total.runtime remaining 
WARN  07:54:53,413 UnifiedGenotyper - setting contamination down-sampling fraction to 0.0 because it is not enabled in GATK-lite 
INFO  07:54:56,179 ProgressMeter -            done        1.25e+04    2.8 s        3.8 m    100.0%         2.8 s     0.0 s 
INFO  07:54:56,179 ProgressMeter - Total runtime 2.82 secs, 0.05 min, 0.00 hours 
INFO  07:54:56,179 NSRuntimeProfile - Input   time:    1.2 s (43.75%) 
INFO  07:54:56,179 NSRuntimeProfile - Map     time:    1.3 s (47.16%) 
INFO  07:54:56,180 NSRuntimeProfile - Reduce  time:    0.0 s ( 1.16%) 
INFO  07:54:56,180 NSRuntimeProfile - Outside time:    0.2 s ( 7.93%) 
