INFO  08:25:00,117 HelpFormatter - --------------------------------------------------------------------------------- 
INFO  08:25:00,120 HelpFormatter - The Genome Analysis Toolkit (GATK) v2.2-13-g188e560, Compiled 2012/11/19 08:22:48 
INFO  08:25:00,120 HelpFormatter - Copyright (c) 2010 The Broad Institute 
INFO  08:25:00,120 HelpFormatter - For support and documentation go to http://www.broadinstitute.org/gatk 
INFO  08:25:00,124 HelpFormatter - Program Args: -T UnifiedGenotyper -I /home/smburns/Applications/gatk2/Queue-2.2-8-gec077cd/resources/exampleBAM.bam -L /home/smburns/Applications/gatk2/Queue-2.2-8-gec077cd/resources/.queue/scatterGather/ExampleUnifiedGenotyper-1-sg/temp_18_of_64/scatter.intervals -R /home/smburns/Applications/gatk2/Queue-2.2-8-gec077cd/resources/exampleFASTA.fasta -o /home/smburns/Applications/gatk2/Queue-2.2-8-gec077cd/resources/.queue/scatterGather/ExampleUnifiedGenotyper-1-sg/temp_18_of_64/exampleBAM.unfiltered.vcf 
INFO  08:25:00,124 HelpFormatter - Date/Time: 2012/11/19 08:25:00 
INFO  08:25:00,124 HelpFormatter - --------------------------------------------------------------------------------- 
INFO  08:25:00,124 HelpFormatter - --------------------------------------------------------------------------------- 
INFO  08:25:00,150 GenomeAnalysisEngine - Strictness is SILENT 
INFO  08:25:00,205 GenomeAnalysisEngine - Downsampling Settings: Method: BY_SAMPLE Target Coverage: 250  
INFO  08:25:00,211 SAMDataSource$SAMReaders - Initializing SAMRecords in serial 
WARNING: BAM index file /home/smburns/Applications/gatk2/Queue-2.2-8-gec077cd/resources/exampleBAM.bam.bai is older than BAM /home/smburns/Applications/gatk2/Queue-2.2-8-gec077cd/resources/exampleBAM.bam
INFO  08:25:00,223 SAMDataSource$SAMReaders - Done initializing BAM readers: total time 0.01 
INFO  08:25:00,249 GenomeAnalysisEngine - Processing 1562 bp from intervals 
INFO  08:25:00,259 ProgressMeter - [INITIALIZATION COMPLETE; STARTING PROCESSING] 
INFO  08:25:00,259 ProgressMeter -        Location processed.sites  runtime per.1M.sites completed total.runtime remaining 
WARN  08:25:00,308 UnifiedGenotyper - setting contamination down-sampling fraction to 0.0 because it is not enabled in GATK-lite 
INFO  08:25:00,618 ProgressMeter -            done        1.56e+03    0.4 s        3.8 m    100.0%         0.4 s     0.0 s 
INFO  08:25:00,619 ProgressMeter - Total runtime 0.36 secs, 0.01 min, 0.00 hours 
INFO  08:25:00,619 MicroScheduler - 0 reads were filtered out during traversal out of 2 total (0.00%) 
INFO  08:25:00,619 NSRuntimeProfile - Input   time:    0.0 s ( 8.16%) 
INFO  08:25:00,620 NSRuntimeProfile - Map     time:    0.1 s (27.48%) 
INFO  08:25:00,620 NSRuntimeProfile - Reduce  time:    0.0 s ( 0.55%) 
INFO  08:25:00,620 NSRuntimeProfile - Outside time:    0.2 s (63.82%) 
