INFO  07:54:45,696 HelpFormatter - --------------------------------------------------------------------------------- 
INFO  07:54:45,698 HelpFormatter - The Genome Analysis Toolkit (GATK) v2.2-13-g188e560, Compiled 2012/11/19 07:40:54 
INFO  07:54:45,698 HelpFormatter - Copyright (c) 2010 The Broad Institute 
INFO  07:54:45,698 HelpFormatter - For support and documentation go to http://www.broadinstitute.org/gatk 
INFO  07:54:45,703 HelpFormatter - Program Args: -T UnifiedGenotyper -I /home/smburns/Applications/gatk2/Queue-2.2-8-gec077cd/resources/exampleBAM.bam -L /home/smburns/Applications/gatk2/Queue-2.2-8-gec077cd/resources/.queue/scatterGather/ExampleUnifiedGenotyper-1-sg/temp_6_of_8/scatter.intervals -R /home/smburns/Applications/gatk2/Queue-2.2-8-gec077cd/resources/exampleFASTA.fasta -o /home/smburns/Applications/gatk2/Queue-2.2-8-gec077cd/resources/.queue/scatterGather/ExampleUnifiedGenotyper-1-sg/temp_6_of_8/exampleBAM.unfiltered.vcf 
INFO  07:54:45,703 HelpFormatter - Date/Time: 2012/11/19 07:54:45 
INFO  07:54:45,703 HelpFormatter - --------------------------------------------------------------------------------- 
INFO  07:54:45,703 HelpFormatter - --------------------------------------------------------------------------------- 
INFO  07:54:46,515 GenomeAnalysisEngine - Strictness is SILENT 
INFO  07:54:50,396 GenomeAnalysisEngine - Downsampling Settings: Method: BY_SAMPLE Target Coverage: 250  
INFO  07:54:50,401 SAMDataSource$SAMReaders - Initializing SAMRecords in serial 
WARNING: BAM index file /home/smburns/Applications/gatk2/Queue-2.2-8-gec077cd/resources/exampleBAM.bam.bai is older than BAM /home/smburns/Applications/gatk2/Queue-2.2-8-gec077cd/resources/exampleBAM.bam
INFO  07:54:50,411 SAMDataSource$SAMReaders - Done initializing BAM readers: total time 0.01 
INFO  07:54:50,428 GenomeAnalysisEngine - Processing 12500 bp from intervals 
INFO  07:54:50,435 ProgressMeter - [INITIALIZATION COMPLETE; STARTING PROCESSING] 
INFO  07:54:50,435 ProgressMeter -        Location processed.sites  runtime per.1M.sites completed total.runtime remaining 
WARN  07:54:50,468 UnifiedGenotyper - setting contamination down-sampling fraction to 0.0 because it is not enabled in GATK-lite 
INFO  07:54:52,557 ProgressMeter -            done        1.25e+04    2.1 s        2.8 m    100.0%         2.1 s     0.0 s 
INFO  07:54:52,557 ProgressMeter - Total runtime 2.12 secs, 0.04 min, 0.00 hours 
INFO  07:54:52,558 NSRuntimeProfile - Input   time:    0.6 s (30.03%) 
INFO  07:54:52,558 NSRuntimeProfile - Map     time:    0.6 s (29.32%) 
INFO  07:54:52,558 NSRuntimeProfile - Reduce  time:    0.0 s ( 1.74%) 
INFO  07:54:52,558 NSRuntimeProfile - Outside time:    0.8 s (38.91%) 
