INFO  08:26:41,120 HelpFormatter - --------------------------------------------------------------------------------- 
INFO  08:26:41,123 HelpFormatter - The Genome Analysis Toolkit (GATK) v2.2-13-g188e560, Compiled 2012/11/19 08:22:48 
INFO  08:26:41,123 HelpFormatter - Copyright (c) 2010 The Broad Institute 
INFO  08:26:41,123 HelpFormatter - For support and documentation go to http://www.broadinstitute.org/gatk 
INFO  08:26:41,129 HelpFormatter - Program Args: -T UnifiedGenotyper -I /home/smburns/Applications/gatk2/Queue-2.2-8-gec077cd/resources/exampleBAM.bam -L /home/smburns/Applications/gatk2/Queue-2.2-8-gec077cd/resources/.queue/scatterGather/ExampleUnifiedGenotyper-1-sg/temp_07_of_64/scatter.intervals -R /home/smburns/Applications/gatk2/Queue-2.2-8-gec077cd/resources/exampleFASTA.fasta -o /home/smburns/Applications/gatk2/Queue-2.2-8-gec077cd/resources/.queue/scatterGather/ExampleUnifiedGenotyper-1-sg/temp_07_of_64/exampleBAM.unfiltered.vcf 
INFO  08:26:41,129 HelpFormatter - Date/Time: 2012/11/19 08:26:41 
INFO  08:26:41,129 HelpFormatter - --------------------------------------------------------------------------------- 
INFO  08:26:41,129 HelpFormatter - --------------------------------------------------------------------------------- 
INFO  08:26:41,158 GenomeAnalysisEngine - Strictness is SILENT 
INFO  08:26:41,215 GenomeAnalysisEngine - Downsampling Settings: Method: BY_SAMPLE Target Coverage: 250  
INFO  08:26:41,220 SAMDataSource$SAMReaders - Initializing SAMRecords in serial 
WARNING: BAM index file /home/smburns/Applications/gatk2/Queue-2.2-8-gec077cd/resources/exampleBAM.bam.bai is older than BAM /home/smburns/Applications/gatk2/Queue-2.2-8-gec077cd/resources/exampleBAM.bam
INFO  08:26:41,234 SAMDataSource$SAMReaders - Done initializing BAM readers: total time 0.01 
INFO  08:26:41,256 GenomeAnalysisEngine - Processing 1562 bp from intervals 
INFO  08:26:41,264 ProgressMeter - [INITIALIZATION COMPLETE; STARTING PROCESSING] 
INFO  08:26:41,265 ProgressMeter -        Location processed.sites  runtime per.1M.sites completed total.runtime remaining 
WARN  08:26:41,325 UnifiedGenotyper - setting contamination down-sampling fraction to 0.0 because it is not enabled in GATK-lite 
INFO  08:26:41,690 ProgressMeter -            done        1.56e+03    0.4 s        4.5 m    100.0%         0.4 s     0.0 s 
INFO  08:26:41,691 ProgressMeter - Total runtime 0.43 secs, 0.01 min, 0.00 hours 
INFO  08:26:41,691 MicroScheduler - 0 reads were filtered out during traversal out of 2 total (0.00%) 
INFO  08:26:41,691 NSRuntimeProfile - Input   time:    0.0 s ( 7.35%) 
INFO  08:26:41,692 NSRuntimeProfile - Map     time:    0.1 s (25.40%) 
INFO  08:26:41,692 NSRuntimeProfile - Reduce  time:    0.0 s ( 0.45%) 
INFO  08:26:41,692 NSRuntimeProfile - Outside time:    0.3 s (66.80%) 
