INFO  08:28:17,400 HelpFormatter - --------------------------------------------------------------------------------- 
INFO  08:28:17,403 HelpFormatter - The Genome Analysis Toolkit (GATK) v2.2-13-g188e560, Compiled 2012/11/19 08:22:48 
INFO  08:28:17,403 HelpFormatter - Copyright (c) 2010 The Broad Institute 
INFO  08:28:17,403 HelpFormatter - For support and documentation go to http://www.broadinstitute.org/gatk 
INFO  08:28:17,410 HelpFormatter - Program Args: -T UnifiedGenotyper -I /home/smburns/Applications/gatk2/Queue-2.2-8-gec077cd/resources/exampleBAM.bam -L /home/smburns/Applications/gatk2/Queue-2.2-8-gec077cd/resources/.queue/scatterGather/ExampleUnifiedGenotyper-1-sg/temp_21_of_64/scatter.intervals -R /home/smburns/Applications/gatk2/Queue-2.2-8-gec077cd/resources/exampleFASTA.fasta -o /home/smburns/Applications/gatk2/Queue-2.2-8-gec077cd/resources/.queue/scatterGather/ExampleUnifiedGenotyper-1-sg/temp_21_of_64/exampleBAM.unfiltered.vcf 
INFO  08:28:17,410 HelpFormatter - Date/Time: 2012/11/19 08:28:17 
INFO  08:28:17,411 HelpFormatter - --------------------------------------------------------------------------------- 
INFO  08:28:17,411 HelpFormatter - --------------------------------------------------------------------------------- 
INFO  08:28:17,451 GenomeAnalysisEngine - Strictness is SILENT 
INFO  08:28:17,523 GenomeAnalysisEngine - Downsampling Settings: Method: BY_SAMPLE Target Coverage: 250  
INFO  08:28:17,531 SAMDataSource$SAMReaders - Initializing SAMRecords in serial 
WARNING: BAM index file /home/smburns/Applications/gatk2/Queue-2.2-8-gec077cd/resources/exampleBAM.bam.bai is older than BAM /home/smburns/Applications/gatk2/Queue-2.2-8-gec077cd/resources/exampleBAM.bam
INFO  08:28:17,550 SAMDataSource$SAMReaders - Done initializing BAM readers: total time 0.02 
INFO  08:28:17,580 GenomeAnalysisEngine - Processing 1562 bp from intervals 
INFO  08:28:17,592 ProgressMeter - [INITIALIZATION COMPLETE; STARTING PROCESSING] 
INFO  08:28:17,593 ProgressMeter -        Location processed.sites  runtime per.1M.sites completed total.runtime remaining 
WARN  08:28:17,677 UnifiedGenotyper - setting contamination down-sampling fraction to 0.0 because it is not enabled in GATK-lite 
INFO  08:28:18,058 ProgressMeter -            done        1.56e+03    0.5 s        5.0 m    100.0%         0.5 s     0.0 s 
INFO  08:28:18,059 ProgressMeter - Total runtime 0.47 secs, 0.01 min, 0.00 hours 
INFO  08:28:18,059 NSRuntimeProfile - Input   time:    0.0 s ( 5.77%) 
INFO  08:28:18,059 NSRuntimeProfile - Map     time:    0.1 s (17.43%) 
INFO  08:28:18,060 NSRuntimeProfile - Reduce  time:    0.0 s ( 0.43%) 
INFO  08:28:18,060 NSRuntimeProfile - Outside time:    0.4 s (76.36%) 
