INFO  08:26:40,328 HelpFormatter - --------------------------------------------------------------------------------- 
INFO  08:26:40,331 HelpFormatter - The Genome Analysis Toolkit (GATK) v2.2-13-g188e560, Compiled 2012/11/19 08:22:48 
INFO  08:26:40,331 HelpFormatter - Copyright (c) 2010 The Broad Institute 
INFO  08:26:40,331 HelpFormatter - For support and documentation go to http://www.broadinstitute.org/gatk 
INFO  08:26:40,335 HelpFormatter - Program Args: -T UnifiedGenotyper -I /home/smburns/Applications/gatk2/Queue-2.2-8-gec077cd/resources/exampleBAM.bam -L /home/smburns/Applications/gatk2/Queue-2.2-8-gec077cd/resources/.queue/scatterGather/ExampleUnifiedGenotyper-1-sg/temp_03_of_64/scatter.intervals -R /home/smburns/Applications/gatk2/Queue-2.2-8-gec077cd/resources/exampleFASTA.fasta -o /home/smburns/Applications/gatk2/Queue-2.2-8-gec077cd/resources/.queue/scatterGather/ExampleUnifiedGenotyper-1-sg/temp_03_of_64/exampleBAM.unfiltered.vcf 
INFO  08:26:40,336 HelpFormatter - Date/Time: 2012/11/19 08:26:40 
INFO  08:26:40,336 HelpFormatter - --------------------------------------------------------------------------------- 
INFO  08:26:40,336 HelpFormatter - --------------------------------------------------------------------------------- 
INFO  08:26:40,361 GenomeAnalysisEngine - Strictness is SILENT 
INFO  08:26:40,416 GenomeAnalysisEngine - Downsampling Settings: Method: BY_SAMPLE Target Coverage: 250  
INFO  08:26:40,422 SAMDataSource$SAMReaders - Initializing SAMRecords in serial 
WARNING: BAM index file /home/smburns/Applications/gatk2/Queue-2.2-8-gec077cd/resources/exampleBAM.bam.bai is older than BAM /home/smburns/Applications/gatk2/Queue-2.2-8-gec077cd/resources/exampleBAM.bam
INFO  08:26:40,434 SAMDataSource$SAMReaders - Done initializing BAM readers: total time 0.01 
INFO  08:26:40,453 GenomeAnalysisEngine - Processing 1562 bp from intervals 
INFO  08:26:40,463 ProgressMeter - [INITIALIZATION COMPLETE; STARTING PROCESSING] 
INFO  08:26:40,463 ProgressMeter -        Location processed.sites  runtime per.1M.sites completed total.runtime remaining 
WARN  08:26:40,515 UnifiedGenotyper - setting contamination down-sampling fraction to 0.0 because it is not enabled in GATK-lite 
INFO  08:26:40,821 ProgressMeter -            done        1.56e+03    0.4 s        3.8 m    100.0%         0.4 s     0.0 s 
INFO  08:26:40,822 ProgressMeter - Total runtime 0.36 secs, 0.01 min, 0.00 hours 
INFO  08:26:40,823 NSRuntimeProfile - Input   time:    0.0 s ( 8.02%) 
INFO  08:26:40,823 NSRuntimeProfile - Map     time:    0.1 s (24.10%) 
INFO  08:26:40,824 NSRuntimeProfile - Reduce  time:    0.0 s ( 0.57%) 
INFO  08:26:40,824 NSRuntimeProfile - Outside time:    0.2 s (67.31%) 
